TN:
SF:modules\UserService.js
FN:2,(anonymous_0)
FN:7,(anonymous_1)
FN:17,(anonymous_2)
FN:18,(anonymous_3)
FN:22,(anonymous_4)
FN:23,(anonymous_5)
FN:32,(anonymous_6)
FNF:7
FNH:7
FNDA:8,(anonymous_0)
FNDA:5,(anonymous_1)
FNDA:5,(anonymous_2)
FNDA:2,(anonymous_3)
FNDA:2,(anonymous_4)
FNDA:1,(anonymous_5)
FNDA:2,(anonymous_6)
DA:3,8
DA:8,5
DA:9,1
DA:11,4
DA:12,4
DA:13,4
DA:18,5
DA:23,2
DA:24,2
DA:25,1
DA:26,1
DA:28,1
DA:33,2
DA:34,2
DA:35,1
DA:37,1
DA:38,1
DA:42,1
LF:18
LH:18
BRDA:8,0,0,1
BRDA:8,0,1,4
BRDA:24,1,0,1
BRDA:24,1,1,1
BRDA:34,2,0,1
BRDA:34,2,1,1
BRF:6
BRH:6
end_of_record
TN:
SF:modules\math.js
FN:1,add
FN:5,sub
FN:9,mul
FN:13,div
FN:17,pow
FNF:5
FNH:4
FNDA:6,add
FNDA:1,sub
FNDA:1,mul
FNDA:1,div
FNDA:0,pow
DA:2,6
DA:6,1
DA:10,1
DA:14,1
DA:18,0
DA:22,1
LF:6
LH:5
BRF:0
BRH:0
end_of_record
